{"/Users/ash/code/daovote/circuits/conversion-utils.js": {"path":"/Users/ash/code/daovote/circuits/conversion-utils.js","statementMap":{"0":{"start":{"line":12,"column":16},"end":{"line":12,"column":48}},"1":{"start":{"line":14,"column":18},"end":{"line":14,"column":36}},"2":{"start":{"line":15,"column":4},"end":{"line":15,"column":36}},"3":{"start":{"line":27,"column":14},"end":{"line":27,"column":45}},"4":{"start":{"line":28,"column":14},"end":{"line":28,"column":45}},"5":{"start":{"line":29,"column":4},"end":{"line":29,"column":17}},"6":{"start":{"line":45,"column":15},"end":{"line":45,"column":49}},"7":{"start":{"line":46,"column":15},"end":{"line":46,"column":49}},"8":{"start":{"line":47,"column":15},"end":{"line":47,"column":49}},"9":{"start":{"line":48,"column":15},"end":{"line":48,"column":49}},"10":{"start":{"line":50,"column":4},"end":{"line":50,"column":29}},"11":{"start":{"line":60,"column":4},"end":{"line":64,"column":6}},"12":{"start":{"line":75,"column":15},"end":{"line":75,"column":58}},"13":{"start":{"line":75,"column":36},"end":{"line":75,"column":57}},"14":{"start":{"line":77,"column":4},"end":{"line":83,"column":6}},"15":{"start":{"line":94,"column":18},"end":{"line":94,"column":36}},"16":{"start":{"line":95,"column":4},"end":{"line":95,"column":36}},"17":{"start":{"line":98,"column":0},"end":{"line":105,"column":2}}},"fnMap":{"0":{"name":"toLE32ByteHex","decl":{"start":{"line":11,"column":9},"end":{"line":11,"column":22}},"loc":{"start":{"line":11,"column":26},"end":{"line":16,"column":1}},"line":11},"1":{"name":"convertG1Point","decl":{"start":{"line":26,"column":9},"end":{"line":26,"column":23}},"loc":{"start":{"line":26,"column":31},"end":{"line":30,"column":1}},"line":26},"2":{"name":"convertG2Point","decl":{"start":{"line":43,"column":9},"end":{"line":43,"column":23}},"loc":{"start":{"line":43,"column":31},"end":{"line":51,"column":1}},"line":43},"3":{"name":"convertProofToSoroban","decl":{"start":{"line":59,"column":9},"end":{"line":59,"column":30}},"loc":{"start":{"line":59,"column":38},"end":{"line":65,"column":1}},"line":59},"4":{"name":"convertVKeyToSoroban","decl":{"start":{"line":73,"column":9},"end":{"line":73,"column":29}},"loc":{"start":{"line":73,"column":36},"end":{"line":84,"column":1}},"line":73},"5":{"name":"(anonymous_5)","decl":{"start":{"line":75,"column":27},"end":{"line":75,"column":28}},"loc":{"start":{"line":75,"column":36},"end":{"line":75,"column":57}},"line":75},"6":{"name":"reverseHexBytes","decl":{"start":{"line":93,"column":9},"end":{"line":93,"column":24}},"loc":{"start":{"line":93,"column":30},"end":{"line":96,"column":1}},"line":93}},"branchMap":{},"s":{"0":356,"1":356,"2":356,"3":88,"4":88,"5":88,"6":43,"7":43,"8":43,"9":43,"10":43,"11":9,"12":10,"13":57,"14":10,"15":8,"16":8,"17":2},"f":{"0":356,"1":88,"2":43,"3":9,"4":10,"5":57,"6":8},"b":{},"_coverageSchema":"1a1c01bbd47fc00a2c39e90264f33305004495a9","hash":"d5886b1808ebc3f6e800ccb57cd919afad031ff8"}
}
