TN:
SF:conversion-utils.js
FN:11,toLE32ByteHex
FN:26,convertG1Point
FN:43,convertG2Point
FN:59,convertProofToSoroban
FN:73,convertVKeyToSoroban
FN:75,(anonymous_5)
FN:93,reverseHexBytes
FNF:7
FNH:7
FNDA:356,toLE32ByteHex
FNDA:88,convertG1Point
FNDA:43,convertG2Point
FNDA:9,convertProofToSoroban
FNDA:10,convertVKeyToSoroban
FNDA:57,(anonymous_5)
FNDA:8,reverseHexBytes
DA:12,356
DA:14,356
DA:15,356
DA:27,88
DA:28,88
DA:29,88
DA:45,43
DA:46,43
DA:47,43
DA:48,43
DA:50,43
DA:60,9
DA:75,57
DA:77,10
DA:94,8
DA:95,8
DA:98,2
LF:17
LH:17
BRF:0
BRH:0
end_of_record
